INFO - 2023-12-09 17:03:46 --> Session: Class initialized using 'CodeIgniter\Session\Handlers\FileHandler' driver.
INFO - 2023-12-09 17:03:52 --> Session: Class initialized using 'CodeIgniter\Session\Handlers\FileHandler' driver.
INFO - 2023-12-09 17:39:09 --> Session: Class initialized using 'CodeIgniter\Session\Handlers\FileHandler' driver.
INFO - 2023-12-09 17:40:41 --> Session: Class initialized using 'CodeIgniter\Session\Handlers\FileHandler' driver.
INFO - 2023-12-09 17:40:58 --> Session: Class initialized using 'CodeIgniter\Session\Handlers\FileHandler' driver.
CRITICAL - 2023-12-09 17:41:55 --> Undefined array key 0
in APPPATH\Controllers\AuthController.php on line 25.
 1 APPPATH\Controllers\AuthController.php(25): CodeIgniter\Debug\Exceptions->errorHandler(2, 'Undefined array key 0', 'C:\\xampp\\htdocs\\proyecto2final\\app\\Controllers\\AuthController.php', 25)
 2 SYSTEMPATH\CodeIgniter.php(942): App\Controllers\AuthController->login()
 3 SYSTEMPATH\CodeIgniter.php(502): CodeIgniter\CodeIgniter->runController(Object(App\Controllers\AuthController))
 4 SYSTEMPATH\CodeIgniter.php(361): CodeIgniter\CodeIgniter->handleRequest(null, Object(Config\Cache), false)
 5 FCPATH\index.php(79): CodeIgniter\CodeIgniter->run()
CRITICAL - 2023-12-09 17:42:27 --> Undefined array key 0
in APPPATH\Controllers\AuthController.php on line 27.
 1 APPPATH\Controllers\AuthController.php(27): CodeIgniter\Debug\Exceptions->errorHandler(2, 'Undefined array key 0', 'C:\\xampp\\htdocs\\proyecto2final\\app\\Controllers\\AuthController.php', 27)
 2 SYSTEMPATH\CodeIgniter.php(942): App\Controllers\AuthController->login()
 3 SYSTEMPATH\CodeIgniter.php(502): CodeIgniter\CodeIgniter->runController(Object(App\Controllers\AuthController))
 4 SYSTEMPATH\CodeIgniter.php(361): CodeIgniter\CodeIgniter->handleRequest(null, Object(Config\Cache), false)
 5 FCPATH\index.php(79): CodeIgniter\CodeIgniter->run()
CRITICAL - 2023-12-09 17:42:52 --> Undefined array key 0
in APPPATH\Controllers\AuthController.php on line 25.
 1 APPPATH\Controllers\AuthController.php(25): CodeIgniter\Debug\Exceptions->errorHandler(2, 'Undefined array key 0', 'C:\\xampp\\htdocs\\proyecto2final\\app\\Controllers\\AuthController.php', 25)
 2 SYSTEMPATH\CodeIgniter.php(942): App\Controllers\AuthController->login()
 3 SYSTEMPATH\CodeIgniter.php(502): CodeIgniter\CodeIgniter->runController(Object(App\Controllers\AuthController))
 4 SYSTEMPATH\CodeIgniter.php(361): CodeIgniter\CodeIgniter->handleRequest(null, Object(Config\Cache), false)
 5 FCPATH\index.php(79): CodeIgniter\CodeIgniter->run()
CRITICAL - 2023-12-09 17:43:52 --> Undefined array key 0
in APPPATH\Controllers\AuthController.php on line 25.
 1 APPPATH\Controllers\AuthController.php(25): CodeIgniter\Debug\Exceptions->errorHandler(2, 'Undefined array key 0', 'C:\\xampp\\htdocs\\proyecto2final\\app\\Controllers\\AuthController.php', 25)
 2 SYSTEMPATH\CodeIgniter.php(942): App\Controllers\AuthController->login()
 3 SYSTEMPATH\CodeIgniter.php(502): CodeIgniter\CodeIgniter->runController(Object(App\Controllers\AuthController))
 4 SYSTEMPATH\CodeIgniter.php(361): CodeIgniter\CodeIgniter->handleRequest(null, Object(Config\Cache), false)
 5 FCPATH\index.php(79): CodeIgniter\CodeIgniter->run()
CRITICAL - 2023-12-09 17:44:44 --> Undefined array key 0
in APPPATH\Controllers\AuthController.php on line 25.
 1 APPPATH\Controllers\AuthController.php(25): CodeIgniter\Debug\Exceptions->errorHandler(2, 'Undefined array key 0', 'C:\\xampp\\htdocs\\proyecto2final\\app\\Controllers\\AuthController.php', 25)
 2 SYSTEMPATH\CodeIgniter.php(942): App\Controllers\AuthController->login()
 3 SYSTEMPATH\CodeIgniter.php(502): CodeIgniter\CodeIgniter->runController(Object(App\Controllers\AuthController))
 4 SYSTEMPATH\CodeIgniter.php(361): CodeIgniter\CodeIgniter->handleRequest(null, Object(Config\Cache), false)
 5 FCPATH\index.php(79): CodeIgniter\CodeIgniter->run()
CRITICAL - 2023-12-09 17:46:53 --> file_get_contents(C:\xampp\htdocs\proyecto2final\writable\debugbar/debugbar_1702141432.956692.json): Failed to open stream: No such file or directory
in SYSTEMPATH\Debug\Toolbar\Collectors\History.php on line 86.
 1 [internal function]: CodeIgniter\Debug\Exceptions->errorHandler(2, 'file_get_contents(C:\\xampp\\htdocs\\proyecto2final\\writable\\debugbar/debugbar_1702141432.956692.json): Failed to open stream: No such file or directory', 'C:\\xampp\\htdocs\\proyecto2final\\system\\Debug\\Toolbar\\Collectors\\History.php', 86)
 2 SYSTEMPATH\Debug\Toolbar\Collectors\History.php(86): file_get_contents('C:\\xampp\\htdocs\\proyecto2final\\writable\\debugbar/debugbar_1702141432.956692.json')
 3 SYSTEMPATH\Debug\Toolbar.php(497): CodeIgniter\Debug\Toolbar\Collectors\History->setFiles('1702144012.511498', 20)
 4 SYSTEMPATH\Debug\Toolbar.php(476): CodeIgniter\Debug\Toolbar->format([...], 'html')
 5 APPPATH\Config\Events.php(47): CodeIgniter\Debug\Toolbar->respond()
 6 SYSTEMPATH\Events\Events.php(154): CodeIgniter\Events\Events::Config\{closure}()
 7 SYSTEMPATH\CodeIgniter.php(442): CodeIgniter\Events\Events::trigger('pre_system')
 8 SYSTEMPATH\CodeIgniter.php(361): CodeIgniter\CodeIgniter->handleRequest(null, Object(Config\Cache), false)
 9 FCPATH\index.php(79): CodeIgniter\CodeIgniter->run()
CRITICAL - 2023-12-09 17:46:55 --> Undefined array key 0
in APPPATH\Controllers\AuthController.php on line 27.
 1 APPPATH\Controllers\AuthController.php(27): CodeIgniter\Debug\Exceptions->errorHandler(2, 'Undefined array key 0', 'C:\\xampp\\htdocs\\proyecto2final\\app\\Controllers\\AuthController.php', 27)
 2 SYSTEMPATH\CodeIgniter.php(942): App\Controllers\AuthController->login()
 3 SYSTEMPATH\CodeIgniter.php(502): CodeIgniter\CodeIgniter->runController(Object(App\Controllers\AuthController))
 4 SYSTEMPATH\CodeIgniter.php(361): CodeIgniter\CodeIgniter->handleRequest(null, Object(Config\Cache), false)
 5 FCPATH\index.php(79): CodeIgniter\CodeIgniter->run()
INFO - 2023-12-09 17:47:13 --> Session: Class initialized using 'CodeIgniter\Session\Handlers\FileHandler' driver.
INFO - 2023-12-09 17:47:35 --> Session: Class initialized using 'CodeIgniter\Session\Handlers\FileHandler' driver.
INFO - 2023-12-09 17:48:06 --> Session: Class initialized using 'CodeIgniter\Session\Handlers\FileHandler' driver.
INFO - 2023-12-09 17:50:06 --> Session: Class initialized using 'CodeIgniter\Session\Handlers\FileHandler' driver.
INFO - 2023-12-09 17:50:19 --> Session: Class initialized using 'CodeIgniter\Session\Handlers\FileHandler' driver.
INFO - 2023-12-09 17:50:56 --> Session: Class initialized using 'CodeIgniter\Session\Handlers\FileHandler' driver.
INFO - 2023-12-09 17:51:47 --> Session: Class initialized using 'CodeIgniter\Session\Handlers\FileHandler' driver.
INFO - 2023-12-09 17:52:00 --> Session: Class initialized using 'CodeIgniter\Session\Handlers\FileHandler' driver.
INFO - 2023-12-09 18:27:49 --> Session: Class initialized using 'CodeIgniter\Session\Handlers\FileHandler' driver.
INFO - 2023-12-09 18:29:16 --> Session: Class initialized using 'CodeIgniter\Session\Handlers\FileHandler' driver.
INFO - 2023-12-09 18:30:47 --> Session: Class initialized using 'CodeIgniter\Session\Handlers\FileHandler' driver.
INFO - 2023-12-09 18:31:12 --> Session: Class initialized using 'CodeIgniter\Session\Handlers\FileHandler' driver.
INFO - 2023-12-09 19:18:23 --> Session: Class initialized using 'CodeIgniter\Session\Handlers\FileHandler' driver.
INFO - 2023-12-09 19:25:15 --> Session: Class initialized using 'CodeIgniter\Session\Handlers\FileHandler' driver.
INFO - 2023-12-09 19:26:42 --> Session: Class initialized using 'CodeIgniter\Session\Handlers\FileHandler' driver.
INFO - 2023-12-09 19:26:42 --> Session: Class initialized using 'CodeIgniter\Session\Handlers\FileHandler' driver.
CRITICAL - 2023-12-09 19:26:42 --> Invalid file: "shared/head.php"
in SYSTEMPATH\Exceptions\FrameworkException.php on line 39.
 1 SYSTEMPATH\View\View.php(216): CodeIgniter\Exceptions\FrameworkException::forInvalidFile('shared/head.php')
 2 SYSTEMPATH\Common.php(1190): CodeIgniter\View\View->render('shared/head', [], true)
 3 APPPATH\Controllers\BaseController.php(63): view('shared/head', [...])
 4 APPPATH\Controllers\categoryController.php(17): App\Controllers\BaseController->renderTemplate('<!-- DEBUG-VIEW START 1 APPPATH\\Views\\category\\index.php -->
<main>
    <section>
        <div class="container">
            <div class="row">
                <div class="col-12">
                    <h1>Categories</h1>
                </div>
            </div>
            <div class="row">
                <div class="col-12">
                    <a class="btn btn-primary" href="http://iswutn.com/proyecto2final/public/index.php/category/create">New</a>
                </div>
            </div>
            <div class="row">
                <div class="col-12">
                    <table class="table">
                        <thead>
                            <tr>
                                <th>Name</th>
                                <th>Actions</th>
                            </tr>
                        </thead>
                        <tbody>
                                                        <tr>
                                <td>
                                    Entretenimiento                                </td>
                                <td>
                                    <a class="btn btn-secondary"
                                        href="http://iswutn.com/proyecto2final/public/index.php/careers/edit/7">Edit</a>
                                    <a class="btn btn-danger"
                                        href="http://iswutn.com/proyecto2final/public/index.php/careers/delete/7">Delete</a>
                                </td>
                            </tr>
                                                        <tr>
                                <td>
                                    Sucesos                                </td>
                                <td>
                                    <a class="btn btn-secondary"
                                        href="http://iswutn.com/proyecto2final/public/index.php/careers/edit/8">Edit</a>
                                    <a class="btn btn-danger"
                                        href="http://iswutn.com/proyecto2final/public/index.php/careers/delete/8">Delete</a>
                                </td>
                            </tr>
                                                    </tbody>
                    </table>
                </div>
            </div>
        </div>
    </section>
</main>
<!-- DEBUG-VIEW ENDED 1 APPPATH\\Views\\category\\index.php -->
', [...])
 5 SYSTEMPATH\CodeIgniter.php(942): App\Controllers\categoryController->index()
 6 SYSTEMPATH\CodeIgniter.php(502): CodeIgniter\CodeIgniter->runController(Object(App\Controllers\categoryController))
 7 SYSTEMPATH\CodeIgniter.php(361): CodeIgniter\CodeIgniter->handleRequest(null, Object(Config\Cache), false)
 8 FCPATH\index.php(79): CodeIgniter\CodeIgniter->run()
INFO - 2023-12-09 19:27:31 --> Session: Class initialized using 'CodeIgniter\Session\Handlers\FileHandler' driver.
CRITICAL - 2023-12-09 19:27:31 --> Invalid file: "shared/head.php"
in SYSTEMPATH\Exceptions\FrameworkException.php on line 39.
 1 SYSTEMPATH\View\View.php(216): CodeIgniter\Exceptions\FrameworkException::forInvalidFile('shared/head.php')
 2 SYSTEMPATH\Common.php(1190): CodeIgniter\View\View->render('shared/head', [], true)
 3 APPPATH\Controllers\BaseController.php(63): view('shared/head', [...])
 4 APPPATH\Controllers\categoryController.php(17): App\Controllers\BaseController->renderTemplate('<!-- DEBUG-VIEW START 1 APPPATH\\Views\\category\\index.php -->
<main>
    <section>
        <div class="container">
            <div class="row">
                <div class="col-12">
                    <h1>Categories</h1>
                </div>
            </div>
            <div class="row">
                <div class="col-12">
                    <a class="btn btn-primary" href="http://iswutn.com/proyecto2final/public/index.php/category/create">New</a>
                </div>
            </div>
            <div class="row">
                <div class="col-12">
                    <table class="table">
                        <thead>
                            <tr>
                                <th>Name</th>
                                <th>Actions</th>
                            </tr>
                        </thead>
                        <tbody>
                                                        <tr>
                                <td>
                                    Entretenimiento                                </td>
                                <td>
                                    <a class="btn btn-secondary"
                                        href="http://iswutn.com/proyecto2final/public/index.php/careers/edit/7">Edit</a>
                                    <a class="btn btn-danger"
                                        href="http://iswutn.com/proyecto2final/public/index.php/careers/delete/7">Delete</a>
                                </td>
                            </tr>
                                                        <tr>
                                <td>
                                    Sucesos                                </td>
                                <td>
                                    <a class="btn btn-secondary"
                                        href="http://iswutn.com/proyecto2final/public/index.php/careers/edit/8">Edit</a>
                                    <a class="btn btn-danger"
                                        href="http://iswutn.com/proyecto2final/public/index.php/careers/delete/8">Delete</a>
                                </td>
                            </tr>
                                                    </tbody>
                    </table>
                </div>
            </div>
        </div>
    </section>
</main>
<!-- DEBUG-VIEW ENDED 1 APPPATH\\Views\\category\\index.php -->
', [...])
 5 SYSTEMPATH\CodeIgniter.php(942): App\Controllers\categoryController->index()
 6 SYSTEMPATH\CodeIgniter.php(502): CodeIgniter\CodeIgniter->runController(Object(App\Controllers\categoryController))
 7 SYSTEMPATH\CodeIgniter.php(361): CodeIgniter\CodeIgniter->handleRequest(null, Object(Config\Cache), false)
 8 FCPATH\index.php(79): CodeIgniter\CodeIgniter->run()
INFO - 2023-12-09 19:27:34 --> Session: Class initialized using 'CodeIgniter\Session\Handlers\FileHandler' driver.
CRITICAL - 2023-12-09 19:27:34 --> Invalid file: "shared/head.php"
in SYSTEMPATH\Exceptions\FrameworkException.php on line 39.
 1 SYSTEMPATH\View\View.php(216): CodeIgniter\Exceptions\FrameworkException::forInvalidFile('shared/head.php')
 2 SYSTEMPATH\Common.php(1190): CodeIgniter\View\View->render('shared/head', [], true)
 3 APPPATH\Controllers\BaseController.php(63): view('shared/head', [...])
 4 APPPATH\Controllers\categoryController.php(17): App\Controllers\BaseController->renderTemplate('<!-- DEBUG-VIEW START 1 APPPATH\\Views\\category\\index.php -->
<main>
    <section>
        <div class="container">
            <div class="row">
                <div class="col-12">
                    <h1>Categories</h1>
                </div>
            </div>
            <div class="row">
                <div class="col-12">
                    <a class="btn btn-primary" href="http://iswutn.com/proyecto2final/public/index.php/category/create">New</a>
                </div>
            </div>
            <div class="row">
                <div class="col-12">
                    <table class="table">
                        <thead>
                            <tr>
                                <th>Name</th>
                                <th>Actions</th>
                            </tr>
                        </thead>
                        <tbody>
                                                        <tr>
                                <td>
                                    Entretenimiento                                </td>
                                <td>
                                    <a class="btn btn-secondary"
                                        href="http://iswutn.com/proyecto2final/public/index.php/careers/edit/7">Edit</a>
                                    <a class="btn btn-danger"
                                        href="http://iswutn.com/proyecto2final/public/index.php/careers/delete/7">Delete</a>
                                </td>
                            </tr>
                                                        <tr>
                                <td>
                                    Sucesos                                </td>
                                <td>
                                    <a class="btn btn-secondary"
                                        href="http://iswutn.com/proyecto2final/public/index.php/careers/edit/8">Edit</a>
                                    <a class="btn btn-danger"
                                        href="http://iswutn.com/proyecto2final/public/index.php/careers/delete/8">Delete</a>
                                </td>
                            </tr>
                                                    </tbody>
                    </table>
                </div>
            </div>
        </div>
    </section>
</main>
<!-- DEBUG-VIEW ENDED 1 APPPATH\\Views\\category\\index.php -->
', [...])
 5 SYSTEMPATH\CodeIgniter.php(942): App\Controllers\categoryController->index()
 6 SYSTEMPATH\CodeIgniter.php(502): CodeIgniter\CodeIgniter->runController(Object(App\Controllers\categoryController))
 7 SYSTEMPATH\CodeIgniter.php(361): CodeIgniter\CodeIgniter->handleRequest(null, Object(Config\Cache), false)
 8 FCPATH\index.php(79): CodeIgniter\CodeIgniter->run()
INFO - 2023-12-09 19:27:36 --> Session: Class initialized using 'CodeIgniter\Session\Handlers\FileHandler' driver.
INFO - 2023-12-09 19:27:45 --> Session: Class initialized using 'CodeIgniter\Session\Handlers\FileHandler' driver.
INFO - 2023-12-09 19:27:45 --> Session: Class initialized using 'CodeIgniter\Session\Handlers\FileHandler' driver.
CRITICAL - 2023-12-09 19:27:45 --> Invalid file: "shared/head.php"
in SYSTEMPATH\Exceptions\FrameworkException.php on line 39.
 1 SYSTEMPATH\View\View.php(216): CodeIgniter\Exceptions\FrameworkException::forInvalidFile('shared/head.php')
 2 SYSTEMPATH\Common.php(1190): CodeIgniter\View\View->render('shared/head', [], true)
 3 APPPATH\Controllers\BaseController.php(63): view('shared/head', [...])
 4 APPPATH\Controllers\categoryController.php(17): App\Controllers\BaseController->renderTemplate('<!-- DEBUG-VIEW START 1 APPPATH\\Views\\category\\index.php -->
<main>
    <section>
        <div class="container">
            <div class="row">
                <div class="col-12">
                    <h1>Categories</h1>
                </div>
            </div>
            <div class="row">
                <div class="col-12">
                    <a class="btn btn-primary" href="http://iswutn.com/proyecto2final/public/index.php/category/create">New</a>
                </div>
            </div>
            <div class="row">
                <div class="col-12">
                    <table class="table">
                        <thead>
                            <tr>
                                <th>Name</th>
                                <th>Actions</th>
                            </tr>
                        </thead>
                        <tbody>
                                                        <tr>
                                <td>
                                    Entretenimiento                                </td>
                                <td>
                                    <a class="btn btn-secondary"
                                        href="http://iswutn.com/proyecto2final/public/index.php/careers/edit/7">Edit</a>
                                    <a class="btn btn-danger"
                                        href="http://iswutn.com/proyecto2final/public/index.php/careers/delete/7">Delete</a>
                                </td>
                            </tr>
                                                        <tr>
                                <td>
                                    Sucesos                                </td>
                                <td>
                                    <a class="btn btn-secondary"
                                        href="http://iswutn.com/proyecto2final/public/index.php/careers/edit/8">Edit</a>
                                    <a class="btn btn-danger"
                                        href="http://iswutn.com/proyecto2final/public/index.php/careers/delete/8">Delete</a>
                                </td>
                            </tr>
                                                    </tbody>
                    </table>
                </div>
            </div>
        </div>
    </section>
</main>
<!-- DEBUG-VIEW ENDED 1 APPPATH\\Views\\category\\index.php -->
', [...])
 5 SYSTEMPATH\CodeIgniter.php(942): App\Controllers\categoryController->index()
 6 SYSTEMPATH\CodeIgniter.php(502): CodeIgniter\CodeIgniter->runController(Object(App\Controllers\categoryController))
 7 SYSTEMPATH\CodeIgniter.php(361): CodeIgniter\CodeIgniter->handleRequest(null, Object(Config\Cache), false)
 8 FCPATH\index.php(79): CodeIgniter\CodeIgniter->run()
INFO - 2023-12-09 19:27:54 --> Session: Class initialized using 'CodeIgniter\Session\Handlers\FileHandler' driver.
INFO - 2023-12-09 19:27:54 --> Session: Class initialized using 'CodeIgniter\Session\Handlers\FileHandler' driver.
CRITICAL - 2023-12-09 19:27:54 --> Invalid file: "shared/head.php"
in SYSTEMPATH\Exceptions\FrameworkException.php on line 39.
 1 SYSTEMPATH\View\View.php(216): CodeIgniter\Exceptions\FrameworkException::forInvalidFile('shared/head.php')
 2 SYSTEMPATH\Common.php(1190): CodeIgniter\View\View->render('shared/head', [], true)
 3 APPPATH\Controllers\BaseController.php(63): view('shared/head', [...])
 4 APPPATH\Controllers\categoryController.php(17): App\Controllers\BaseController->renderTemplate('<!-- DEBUG-VIEW START 1 APPPATH\\Views\\category\\index.php -->
<main>
    <section>
        <div class="container">
            <div class="row">
                <div class="col-12">
                    <h1>Categories</h1>
                </div>
            </div>
            <div class="row">
                <div class="col-12">
                    <a class="btn btn-primary" href="http://iswutn.com/proyecto2final/public/index.php/category/create">New</a>
                </div>
            </div>
            <div class="row">
                <div class="col-12">
                    <table class="table">
                        <thead>
                            <tr>
                                <th>Name</th>
                                <th>Actions</th>
                            </tr>
                        </thead>
                        <tbody>
                                                        <tr>
                                <td>
                                    Entretenimiento                                </td>
                                <td>
                                    <a class="btn btn-secondary"
                                        href="http://iswutn.com/proyecto2final/public/index.php/careers/edit/7">Edit</a>
                                    <a class="btn btn-danger"
                                        href="http://iswutn.com/proyecto2final/public/index.php/careers/delete/7">Delete</a>
                                </td>
                            </tr>
                                                        <tr>
                                <td>
                                    Sucesos                                </td>
                                <td>
                                    <a class="btn btn-secondary"
                                        href="http://iswutn.com/proyecto2final/public/index.php/careers/edit/8">Edit</a>
                                    <a class="btn btn-danger"
                                        href="http://iswutn.com/proyecto2final/public/index.php/careers/delete/8">Delete</a>
                                </td>
                            </tr>
                                                    </tbody>
                    </table>
                </div>
            </div>
        </div>
    </section>
</main>
<!-- DEBUG-VIEW ENDED 1 APPPATH\\Views\\category\\index.php -->
', [...])
 5 SYSTEMPATH\CodeIgniter.php(942): App\Controllers\categoryController->index()
 6 SYSTEMPATH\CodeIgniter.php(502): CodeIgniter\CodeIgniter->runController(Object(App\Controllers\categoryController))
 7 SYSTEMPATH\CodeIgniter.php(361): CodeIgniter\CodeIgniter->handleRequest(null, Object(Config\Cache), false)
 8 FCPATH\index.php(79): CodeIgniter\CodeIgniter->run()
INFO - 2023-12-09 19:28:52 --> Session: Class initialized using 'CodeIgniter\Session\Handlers\FileHandler' driver.
INFO - 2023-12-09 19:29:11 --> Session: Class initialized using 'CodeIgniter\Session\Handlers\FileHandler' driver.
INFO - 2023-12-09 19:29:11 --> Session: Class initialized using 'CodeIgniter\Session\Handlers\FileHandler' driver.
CRITICAL - 2023-12-09 19:29:11 --> Invalid file: "shared/head.php"
in SYSTEMPATH\Exceptions\FrameworkException.php on line 39.
 1 SYSTEMPATH\View\View.php(216): CodeIgniter\Exceptions\FrameworkException::forInvalidFile('shared/head.php')
 2 SYSTEMPATH\Common.php(1190): CodeIgniter\View\View->render('shared/head', [], true)
 3 APPPATH\Controllers\BaseController.php(63): view('shared/head', [...])
 4 APPPATH\Controllers\categoryController.php(17): App\Controllers\BaseController->renderTemplate('<!-- DEBUG-VIEW START 1 APPPATH\\Views\\category\\index.php -->
<main>
    <section>
        <div class="container">
            <div class="row">
                <div class="col-12">
                    <h1>Categories</h1>
                </div>
            </div>
            <div class="row">
                <div class="col-12">
                    <a class="btn btn-primary" href="http://iswutn.com/proyecto2final/public/index.php/category/create">New</a>
                </div>
            </div>
            <div class="row">
                <div class="col-12">
                    <table class="table">
                        <thead>
                            <tr>
                                <th>Name</th>
                                <th>Actions</th>
                            </tr>
                        </thead>
                        <tbody>
                                                        <tr>
                                <td>
                                    Entretenimiento                                </td>
                                <td>
                                    <a class="btn btn-secondary"
                                        href="http://iswutn.com/proyecto2final/public/index.php/careers/edit/7">Edit</a>
                                    <a class="btn btn-danger"
                                        href="http://iswutn.com/proyecto2final/public/index.php/careers/delete/7">Delete</a>
                                </td>
                            </tr>
                                                        <tr>
                                <td>
                                    Sucesos                                </td>
                                <td>
                                    <a class="btn btn-secondary"
                                        href="http://iswutn.com/proyecto2final/public/index.php/careers/edit/8">Edit</a>
                                    <a class="btn btn-danger"
                                        href="http://iswutn.com/proyecto2final/public/index.php/careers/delete/8">Delete</a>
                                </td>
                            </tr>
                                                    </tbody>
                    </table>
                </div>
            </div>
        </div>
    </section>
</main>
<!-- DEBUG-VIEW ENDED 1 APPPATH\\Views\\category\\index.php -->
', [...])
 5 SYSTEMPATH\CodeIgniter.php(942): App\Controllers\categoryController->index()
 6 SYSTEMPATH\CodeIgniter.php(502): CodeIgniter\CodeIgniter->runController(Object(App\Controllers\categoryController))
 7 SYSTEMPATH\CodeIgniter.php(361): CodeIgniter\CodeIgniter->handleRequest(null, Object(Config\Cache), false)
 8 FCPATH\index.php(79): CodeIgniter\CodeIgniter->run()
INFO - 2023-12-09 19:29:28 --> Session: Class initialized using 'CodeIgniter\Session\Handlers\FileHandler' driver.
INFO - 2023-12-09 19:29:39 --> Session: Class initialized using 'CodeIgniter\Session\Handlers\FileHandler' driver.
INFO - 2023-12-09 19:29:39 --> Session: Class initialized using 'CodeIgniter\Session\Handlers\FileHandler' driver.
CRITICAL - 2023-12-09 19:29:39 --> Invalid file: "shared/head.php"
in SYSTEMPATH\Exceptions\FrameworkException.php on line 39.
 1 SYSTEMPATH\View\View.php(216): CodeIgniter\Exceptions\FrameworkException::forInvalidFile('shared/head.php')
 2 SYSTEMPATH\Common.php(1190): CodeIgniter\View\View->render('shared/head', [], true)
 3 APPPATH\Controllers\BaseController.php(63): view('shared/head', [...])
 4 APPPATH\Controllers\categoryController.php(17): App\Controllers\BaseController->renderTemplate('<!-- DEBUG-VIEW START 1 APPPATH\\Views\\category\\index.php -->
<main>
    <section>
        <div class="container">
            <div class="row">
                <div class="col-12">
                    <h1>Categories</h1>
                </div>
            </div>
            <div class="row">
                <div class="col-12">
                    <a class="btn btn-primary" href="http://iswutn.com/proyecto2final/public/index.php/category/create">New</a>
                </div>
            </div>
            <div class="row">
                <div class="col-12">
                    <table class="table">
                        <thead>
                            <tr>
                                <th>Name</th>
                                <th>Actions</th>
                            </tr>
                        </thead>
                        <tbody>
                                                        <tr>
                                <td>
                                    Entretenimiento                                </td>
                                <td>
                                    <a class="btn btn-secondary"
                                        href="http://iswutn.com/proyecto2final/public/index.php/careers/edit/7">Edit</a>
                                    <a class="btn btn-danger"
                                        href="http://iswutn.com/proyecto2final/public/index.php/careers/delete/7">Delete</a>
                                </td>
                            </tr>
                                                        <tr>
                                <td>
                                    Sucesos                                </td>
                                <td>
                                    <a class="btn btn-secondary"
                                        href="http://iswutn.com/proyecto2final/public/index.php/careers/edit/8">Edit</a>
                                    <a class="btn btn-danger"
                                        href="http://iswutn.com/proyecto2final/public/index.php/careers/delete/8">Delete</a>
                                </td>
                            </tr>
                                                    </tbody>
                    </table>
                </div>
            </div>
        </div>
    </section>
</main>
<!-- DEBUG-VIEW ENDED 1 APPPATH\\Views\\category\\index.php -->
', [...])
 5 SYSTEMPATH\CodeIgniter.php(942): App\Controllers\categoryController->index()
 6 SYSTEMPATH\CodeIgniter.php(502): CodeIgniter\CodeIgniter->runController(Object(App\Controllers\categoryController))
 7 SYSTEMPATH\CodeIgniter.php(361): CodeIgniter\CodeIgniter->handleRequest(null, Object(Config\Cache), false)
 8 FCPATH\index.php(79): CodeIgniter\CodeIgniter->run()
INFO - 2023-12-09 19:30:25 --> Session: Class initialized using 'CodeIgniter\Session\Handlers\FileHandler' driver.
INFO - 2023-12-09 19:30:43 --> Session: Class initialized using 'CodeIgniter\Session\Handlers\FileHandler' driver.
INFO - 2023-12-09 19:30:43 --> Session: Class initialized using 'CodeIgniter\Session\Handlers\FileHandler' driver.
CRITICAL - 2023-12-09 19:30:43 --> Invalid file: "shared/head.php"
in SYSTEMPATH\Exceptions\FrameworkException.php on line 39.
 1 SYSTEMPATH\View\View.php(216): CodeIgniter\Exceptions\FrameworkException::forInvalidFile('shared/head.php')
 2 SYSTEMPATH\Common.php(1190): CodeIgniter\View\View->render('shared/head', [], true)
 3 APPPATH\Controllers\BaseController.php(63): view('shared/head', [...])
 4 APPPATH\Controllers\categoryController.php(17): App\Controllers\BaseController->renderTemplate('<!-- DEBUG-VIEW START 1 APPPATH\\Views\\category\\index.php -->
<main>
    <section>
        <div class="container">
            <div class="row">
                <div class="col-12">
                    <h1>Categories</h1>
                </div>
            </div>
            <div class="row">
                <div class="col-12">
                    <a class="btn btn-primary" href="http://iswutn.com/proyecto2final/public/index.php/category/create">New</a>
                </div>
            </div>
            <div class="row">
                <div class="col-12">
                    <table class="table">
                        <thead>
                            <tr>
                                <th>Name</th>
                                <th>Actions</th>
                            </tr>
                        </thead>
                        <tbody>
                                                        <tr>
                                <td>
                                    Entretenimiento                                </td>
                                <td>
                                    <a class="btn btn-secondary"
                                        href="http://iswutn.com/proyecto2final/public/index.php/careers/edit/7">Edit</a>
                                    <a class="btn btn-danger"
                                        href="http://iswutn.com/proyecto2final/public/index.php/careers/delete/7">Delete</a>
                                </td>
                            </tr>
                                                        <tr>
                                <td>
                                    Sucesos                                </td>
                                <td>
                                    <a class="btn btn-secondary"
                                        href="http://iswutn.com/proyecto2final/public/index.php/careers/edit/8">Edit</a>
                                    <a class="btn btn-danger"
                                        href="http://iswutn.com/proyecto2final/public/index.php/careers/delete/8">Delete</a>
                                </td>
                            </tr>
                                                    </tbody>
                    </table>
                </div>
            </div>
        </div>
    </section>
</main>
<!-- DEBUG-VIEW ENDED 1 APPPATH\\Views\\category\\index.php -->
', [...])
 5 SYSTEMPATH\CodeIgniter.php(942): App\Controllers\categoryController->index()
 6 SYSTEMPATH\CodeIgniter.php(502): CodeIgniter\CodeIgniter->runController(Object(App\Controllers\categoryController))
 7 SYSTEMPATH\CodeIgniter.php(361): CodeIgniter\CodeIgniter->handleRequest(null, Object(Config\Cache), false)
 8 FCPATH\index.php(79): CodeIgniter\CodeIgniter->run()
INFO - 2023-12-09 19:32:59 --> Session: Class initialized using 'CodeIgniter\Session\Handlers\FileHandler' driver.
CRITICAL - 2023-12-09 19:32:59 --> Invalid file: "shared/head.php"
in SYSTEMPATH\Exceptions\FrameworkException.php on line 39.
 1 SYSTEMPATH\View\View.php(216): CodeIgniter\Exceptions\FrameworkException::forInvalidFile('shared/head.php')
 2 SYSTEMPATH\Common.php(1190): CodeIgniter\View\View->render('shared/head', [], true)
 3 APPPATH\Controllers\BaseController.php(63): view('shared/head', [...])
 4 APPPATH\Controllers\categoryController.php(17): App\Controllers\BaseController->renderTemplate('<!-- DEBUG-VIEW START 1 APPPATH\\Views\\category\\index.php -->
<main>
    <section>
        <div class="container">
            <div class="row">
                <div class="col-12">
                    <h1>Categories</h1>
                </div>
            </div>
            <div class="row">
                <div class="col-12">
                    <a class="btn btn-primary" href="http://iswutn.com/proyecto2final/public/index.php/category/create">New</a>
                </div>
            </div>
            <div class="row">
                <div class="col-12">
                    <table class="table">
                        <thead>
                            <tr>
                                <th>Name</th>
                                <th>Actions</th>
                            </tr>
                        </thead>
                        <tbody>
                                                        <tr>
                                <td>
                                    Entretenimiento                                </td>
                                <td>
                                    <a class="btn btn-secondary"
                                        href="http://iswutn.com/proyecto2final/public/index.php/careers/edit/7">Edit</a>
                                    <a class="btn btn-danger"
                                        href="http://iswutn.com/proyecto2final/public/index.php/careers/delete/7">Delete</a>
                                </td>
                            </tr>
                                                        <tr>
                                <td>
                                    Sucesos                                </td>
                                <td>
                                    <a class="btn btn-secondary"
                                        href="http://iswutn.com/proyecto2final/public/index.php/careers/edit/8">Edit</a>
                                    <a class="btn btn-danger"
                                        href="http://iswutn.com/proyecto2final/public/index.php/careers/delete/8">Delete</a>
                                </td>
                            </tr>
                                                    </tbody>
                    </table>
                </div>
            </div>
        </div>
    </section>
</main>
<!-- DEBUG-VIEW ENDED 1 APPPATH\\Views\\category\\index.php -->
', [...])
 5 SYSTEMPATH\CodeIgniter.php(942): App\Controllers\categoryController->index()
 6 SYSTEMPATH\CodeIgniter.php(502): CodeIgniter\CodeIgniter->runController(Object(App\Controllers\categoryController))
 7 SYSTEMPATH\CodeIgniter.php(361): CodeIgniter\CodeIgniter->handleRequest(null, Object(Config\Cache), false)
 8 FCPATH\index.php(79): CodeIgniter\CodeIgniter->run()
INFO - 2023-12-09 19:36:01 --> Session: Class initialized using 'CodeIgniter\Session\Handlers\FileHandler' driver.
CRITICAL - 2023-12-09 19:36:01 --> Invalid file: "shared/head.php"
in SYSTEMPATH\Exceptions\FrameworkException.php on line 39.
 1 SYSTEMPATH\View\View.php(216): CodeIgniter\Exceptions\FrameworkException::forInvalidFile('shared/head.php')
 2 SYSTEMPATH\Common.php(1190): CodeIgniter\View\View->render('shared/head', [], true)
 3 APPPATH\Controllers\BaseController.php(63): view('shared/head', [...])
 4 APPPATH\Controllers\categoryController.php(17): App\Controllers\BaseController->renderTemplate('<!-- DEBUG-VIEW START 1 APPPATH\\Views\\category\\index.php -->
<main>
    <section>
        <div class="container">
            <div class="row">
                <div class="col-12">
                    <h1>Categories</h1>
                </div>
            </div>
            <div class="row">
                <div class="col-12">
                    <a class="btn btn-primary" href="http://iswutn.com/proyecto2final/public/index.php/category/create">New</a>
                </div>
            </div>
            <div class="row">
                <div class="col-12">
                    <table class="table">
                        <thead>
                            <tr>
                                <th>Name</th>
                                <th>Actions</th>
                            </tr>
                        </thead>
                        <tbody>
                                                        <tr>
                                <td>
                                    Entretenimiento                                </td>
                                <td>
                                    <a class="btn btn-secondary"
                                        href="http://iswutn.com/proyecto2final/public/index.php/category/edit/7">Edit</a>
                                    <a class="btn btn-danger"
                                        href="http://iswutn.com/proyecto2final/public/index.php/category/delete/7">Delete</a>
                                </td>
                            </tr>
                                                        <tr>
                                <td>
                                    Sucesos                                </td>
                                <td>
                                    <a class="btn btn-secondary"
                                        href="http://iswutn.com/proyecto2final/public/index.php/category/edit/8">Edit</a>
                                    <a class="btn btn-danger"
                                        href="http://iswutn.com/proyecto2final/public/index.php/category/delete/8">Delete</a>
                                </td>
                            </tr>
                                                    </tbody>
                    </table>
                </div>
            </div>
        </div>
    </section>
</main>
<!-- DEBUG-VIEW ENDED 1 APPPATH\\Views\\category\\index.php -->
', [...])
 5 SYSTEMPATH\CodeIgniter.php(942): App\Controllers\categoryController->index()
 6 SYSTEMPATH\CodeIgniter.php(502): CodeIgniter\CodeIgniter->runController(Object(App\Controllers\categoryController))
 7 SYSTEMPATH\CodeIgniter.php(361): CodeIgniter\CodeIgniter->handleRequest(null, Object(Config\Cache), false)
 8 FCPATH\index.php(79): CodeIgniter\CodeIgniter->run()
INFO - 2023-12-09 19:36:41 --> Session: Class initialized using 'CodeIgniter\Session\Handlers\FileHandler' driver.
CRITICAL - 2023-12-09 19:36:41 --> Invalid file: "shared/head.php"
in SYSTEMPATH\Exceptions\FrameworkException.php on line 39.
 1 SYSTEMPATH\View\View.php(216): CodeIgniter\Exceptions\FrameworkException::forInvalidFile('shared/head.php')
 2 SYSTEMPATH\Common.php(1190): CodeIgniter\View\View->render('shared/head', [], true)
 3 APPPATH\Controllers\BaseController.php(63): view('shared/head', [...])
 4 APPPATH\Controllers\categoryController.php(17): App\Controllers\BaseController->renderTemplate('<!-- DEBUG-VIEW START 1 APPPATH\\Views\\category\\index.php -->
<main>
    <section>
        <div class="container">
            <div class="row">
                <div class="col-12">
                    <h1>Categories</h1>
                </div>
            </div>
            <div class="row">
                <div class="col-12">
                    <a class="btn btn-primary" href="http://iswutn.com/proyecto2final/public/index.php/category/create">New</a>
                </div>
            </div>
            <div class="row">
                <div class="col-12">
                    <table class="table">
                        <thead>
                            <tr>
                                <th>Name</th>
                                <th>Actions</th>
                            </tr>
                        </thead>
                        <tbody>
                                                        <tr>
                                <td>
                                    Entretenimiento                                </td>
                                <td>
                                    <a class="btn btn-secondary"
                                        href="http://iswutn.com/proyecto2final/public/index.php/category/edit/7">Edit</a>
                                    <a class="btn btn-danger"
                                        href="http://iswutn.com/proyecto2final/public/index.php/category/delete/7">Delete</a>
                                </td>
                            </tr>
                                                        <tr>
                                <td>
                                    Sucesos                                </td>
                                <td>
                                    <a class="btn btn-secondary"
                                        href="http://iswutn.com/proyecto2final/public/index.php/category/edit/8">Edit</a>
                                    <a class="btn btn-danger"
                                        href="http://iswutn.com/proyecto2final/public/index.php/category/delete/8">Delete</a>
                                </td>
                            </tr>
                                                    </tbody>
                    </table>
                </div>
            </div>
        </div>
    </section>
</main>
<!-- DEBUG-VIEW ENDED 1 APPPATH\\Views\\category\\index.php -->
', [...])
 5 SYSTEMPATH\CodeIgniter.php(942): App\Controllers\categoryController->index()
 6 SYSTEMPATH\CodeIgniter.php(502): CodeIgniter\CodeIgniter->runController(Object(App\Controllers\categoryController))
 7 SYSTEMPATH\CodeIgniter.php(361): CodeIgniter\CodeIgniter->handleRequest(null, Object(Config\Cache), false)
 8 FCPATH\index.php(79): CodeIgniter\CodeIgniter->run()
INFO - 2023-12-09 19:38:07 --> Session: Class initialized using 'CodeIgniter\Session\Handlers\FileHandler' driver.
INFO - 2023-12-09 19:41:31 --> Session: Class initialized using 'CodeIgniter\Session\Handlers\FileHandler' driver.
INFO - 2023-12-09 19:41:38 --> Session: Class initialized using 'CodeIgniter\Session\Handlers\FileHandler' driver.
INFO - 2023-12-09 19:42:09 --> Session: Class initialized using 'CodeIgniter\Session\Handlers\FileHandler' driver.
INFO - 2023-12-09 19:42:13 --> Session: Class initialized using 'CodeIgniter\Session\Handlers\FileHandler' driver.
INFO - 2023-12-09 19:42:29 --> Session: Class initialized using 'CodeIgniter\Session\Handlers\FileHandler' driver.
INFO - 2023-12-09 19:42:54 --> Session: Class initialized using 'CodeIgniter\Session\Handlers\FileHandler' driver.
INFO - 2023-12-09 19:44:50 --> Session: Class initialized using 'CodeIgniter\Session\Handlers\FileHandler' driver.
INFO - 2023-12-09 19:45:10 --> Session: Class initialized using 'CodeIgniter\Session\Handlers\FileHandler' driver.
INFO - 2023-12-09 19:50:44 --> Session: Class initialized using 'CodeIgniter\Session\Handlers\FileHandler' driver.
INFO - 2023-12-09 19:50:44 --> Session: Class initialized using 'CodeIgniter\Session\Handlers\FileHandler' driver.
